2026-02-23 00:55:28,714 - INFO - Starting daily Reddit check
2026-02-23 00:55:28,715 - INFO - Processing r/secondbrain
2026-02-23 00:55:30,541 - INFO - Found 16 new tools in r/secondbrain
2026-02-23 00:55:30,541 - INFO - Processing r/PKMS
2026-02-23 00:55:32,303 - INFO - Found 15 new tools in r/PKMS
2026-02-23 00:55:32,304 - INFO - Data saved to /root/.nanobot/workspace/reddit_tools.json
2026-02-23 00:55:32,304 - INFO - Daily check complete. New tools: 31
2026-02-23 08:00:02,499 - INFO - Starting daily Reddit check
2026-02-23 08:00:02,500 - INFO - Processing r/secondbrain
2026-02-23 08:00:04,673 - INFO - Found 3 new tools in r/secondbrain
2026-02-23 08:00:04,674 - INFO - Processing r/PKMS
2026-02-23 08:00:06,967 - INFO - Found 0 new tools in r/PKMS
2026-02-23 08:00:06,969 - INFO - Data saved to /root/.nanobot/workspace/reddit_tools.json
2026-02-23 08:00:06,969 - INFO - Daily check complete. New tools: 3
2026-02-23 14:33:02,600 - INFO - Starting daily Reddit check
2026-02-23 14:33:02,602 - INFO - Processing r/secondbrain
2026-02-23 14:33:04,389 - INFO - Found 0 new tools in r/secondbrain
2026-02-23 14:33:04,389 - INFO - Processing r/PKMS
2026-02-23 14:33:05,958 - INFO - Found 0 new tools in r/PKMS
2026-02-23 14:33:05,960 - INFO - Data saved to /root/.nanobot/workspace/reddit_tools.json
2026-02-23 14:33:05,960 - INFO - Daily check complete. New tools: 0
2026-02-24 08:00:01,834 - INFO - Starting daily Reddit check
2026-02-24 08:00:01,835 - INFO - Processing r/secondbrain
2026-02-24 08:00:03,838 - INFO - Found 0 new tools in r/secondbrain
2026-02-24 08:00:03,839 - INFO - Processing r/PKMS
2026-02-24 08:00:07,202 - INFO - Found 1 new tools in r/PKMS
2026-02-24 08:00:07,205 - INFO - Data saved to /root/.nanobot/workspace/reddit_tools.json
2026-02-24 08:00:07,205 - INFO - Daily check complete. New tools: 1
2026-02-25 08:00:02,007 - INFO - Starting daily Reddit check
2026-02-25 08:00:02,021 - INFO - Processing r/secondbrain
2026-02-25 08:00:04,271 - INFO - Found 0 new tools in r/secondbrain
2026-02-25 08:00:04,271 - INFO - Processing r/PKMS
2026-02-25 08:00:06,273 - INFO - Found 6 new tools in r/PKMS
2026-02-25 08:00:06,277 - INFO - Data saved to /root/.nanobot/workspace/reddit_tools.json
2026-02-25 08:00:06,277 - INFO - Daily check complete. New tools: 6
2026-02-26 08:00:02,650 - INFO - Starting daily Reddit check
2026-02-26 08:00:02,650 - INFO - Processing r/secondbrain
2026-02-26 08:00:04,772 - INFO - Found 2 new tools in r/secondbrain
2026-02-26 08:00:04,773 - INFO - Processing r/PKMS
2026-02-26 08:00:06,745 - INFO - Found 1 new tools in r/PKMS
2026-02-26 08:00:06,747 - INFO - Data saved to /root/.nanobot/workspace/reddit_tools.json
2026-02-26 08:00:06,748 - INFO - Daily check complete. New tools: 3
2026-02-27 08:00:01,549 - INFO - Starting daily Reddit check
2026-02-27 08:00:01,550 - INFO - Processing r/secondbrain
2026-02-27 08:00:03,531 - INFO - Found 1 new tools in r/secondbrain
2026-02-27 08:00:03,531 - INFO - Processing r/PKMS
2026-02-27 08:00:05,378 - INFO - Found 0 new tools in r/PKMS
2026-02-27 08:00:05,383 - INFO - Data saved to /root/.nanobot/workspace/reddit_tools.json
2026-02-27 08:00:05,383 - INFO - Daily check complete. New tools: 1
2026-02-28 08:00:02,515 - INFO - Starting daily Reddit check
2026-02-28 08:00:02,516 - INFO - Processing r/secondbrain
2026-02-28 08:00:04,461 - INFO - Found 0 new tools in r/secondbrain
2026-02-28 08:00:04,464 - INFO - Processing r/PKMS
2026-02-28 08:00:06,672 - INFO - Found 0 new tools in r/PKMS
2026-02-28 08:00:06,674 - INFO - Data saved to /root/.nanobot/workspace/reddit_tools.json
2026-02-28 08:00:06,674 - INFO - Daily check complete. New tools: 0
2026-03-01 08:00:01,798 - INFO - Starting daily Reddit check
2026-03-01 08:00:01,798 - INFO - Processing r/secondbrain
2026-03-01 08:00:03,862 - INFO - Found 0 new tools in r/secondbrain
2026-03-01 08:00:03,862 - INFO - Processing r/PKMS
2026-03-01 08:00:05,762 - INFO - Found 3 new tools in r/PKMS
2026-03-01 08:00:05,768 - INFO - Data saved to /root/.nanobot/workspace/reddit_tools.json
2026-03-01 08:00:05,768 - INFO - Daily check complete. New tools: 3
2026-03-02 08:00:01,830 - INFO - Starting daily Reddit check
2026-03-02 08:00:01,831 - INFO - Processing r/secondbrain
2026-03-02 08:00:04,362 - INFO - Found 0 new tools in r/secondbrain
2026-03-02 08:00:04,362 - INFO - Processing r/PKMS
2026-03-02 08:00:06,085 - INFO - Found 1 new tools in r/PKMS
2026-03-02 08:00:06,086 - INFO - Data saved to /root/.nanobot/workspace/reddit_tools.json
2026-03-02 08:00:06,086 - INFO - Daily check complete. New tools: 1
2026-03-03 08:00:01,416 - INFO - Starting daily Reddit check
2026-03-03 08:00:01,428 - INFO - Processing r/secondbrain
2026-03-03 08:00:03,696 - INFO - Found 0 new tools in r/secondbrain
2026-03-03 08:00:03,697 - INFO - Processing r/PKMS
2026-03-03 08:00:05,213 - INFO - Found 1 new tools in r/PKMS
2026-03-03 08:00:05,215 - INFO - Data saved to /root/.nanobot/workspace/reddit_tools.json
2026-03-03 08:00:05,215 - INFO - Daily check complete. New tools: 1
2026-03-04 08:00:02,448 - INFO - Starting daily Reddit check
2026-03-04 08:00:02,448 - INFO - Processing r/secondbrain
2026-03-04 08:00:02,634 - ERROR - Error fetching from r/secondbrain: 403 Client Error: Blocked for url: https://www.reddit.com/r/secondbrain/new.json?limit=50
2026-03-04 08:00:02,636 - INFO - Processing r/PKMS
2026-03-04 08:00:02,745 - ERROR - Error fetching from r/PKMS: 403 Client Error: Blocked for url: https://www.reddit.com/r/PKMS/new.json?limit=50
2026-03-04 08:00:02,747 - INFO - Data saved to /root/.nanobot/workspace/reddit_tools.json
2026-03-04 08:00:02,747 - INFO - Daily check complete. New tools: 0
